----------------------------------------------------------------
Wed Sep 03 10:43:59 ART 2025:
Booting Derby version The Apache Software Foundation - Apache Derby - 10.15.2.0 - (1873585): instance a816c00e-0199-0fd1-eb8d-00000f6a0bb8 
on database directory C:\Users\Usuario\Desktop\TUADI- UNICEN\2º año- 2º cuatri\ArqWeb-G28-TP1-EJ1\exampleDB with class loader jdk.internal.loader.ClassLoaders$AppClassLoader@60e53b93 
Loaded from file:/C:/Users/Usuario/.m2/repository/org/apache/derby/derby/10.15.2.0/derby-10.15.2.0.jar
java.vendor=Microsoft
java.runtime.version=17.0.16+8-LTS
user.dir=C:\Users\Usuario\Desktop\TUADI- UNICEN\2º año- 2º cuatri\ArqWeb-G28-TP1-EJ1
os.name=Windows 11
os.arch=amd64
os.version=10.0
derby.system.home=null
Database Class Loader started - derby.database.classpath=''
Wed Sep 03 10:44:00 ART 2025 Thread[main,5,main] (XID = 1334), (SESSIONID = 1), (DATABASE = exampleDB), (DRDAID = null), Cleanup action starting
Wed Sep 03 10:44:00 ART 2025 Thread[main,5,main] (XID = 1334), (SESSIONID = 1), (DATABASE = exampleDB), (DRDAID = null), Failed Statement is: DROP TABLE factura_producto
java.lang.NullPointerException: Cannot invoke "String.length()" because "s" is null
	at java.base/java.io.StringReader.<init>(StringReader.java:51)
	at org.apache.derby.impl.services.uuid.BasicUUID.<init>(BasicUUID.java:68)
	at org.apache.derby.impl.services.uuid.BasicUUIDFactory.recreateUUID(BasicUUIDFactory.java:145)
	at org.apache.derby.impl.sql.catalog.SYSTABLESRowFactory.buildDescriptorBody(SYSTABLESRowFactory.java:344)
	at org.apache.derby.impl.sql.catalog.SYSTABLESRowFactory.buildDescriptor(SYSTABLESRowFactory.java:310)
	at org.apache.derby.impl.sql.catalog.DataDictionaryImpl.getDescriptorViaIndexMinion(DataDictionaryImpl.java:9557)
	at org.apache.derby.impl.sql.catalog.DataDictionaryImpl.getDescriptorViaIndex(DataDictionaryImpl.java:9318)
	at org.apache.derby.impl.sql.catalog.DataDictionaryImpl.getTableDescriptorIndex1Scan(DataDictionaryImpl.java:2248)
	at org.apache.derby.impl.sql.catalog.DataDictionaryImpl.getUncachedTableDescriptor(DataDictionaryImpl.java:2274)
	at org.apache.derby.impl.sql.catalog.NameTDCacheable.setIdentity(NameTDCacheable.java:110)
	at org.apache.derby.impl.services.cache.ConcurrentCache.find(ConcurrentCache.java:318)
	at org.apache.derby.impl.sql.catalog.DataDictionaryImpl.getTableDescriptor(DataDictionaryImpl.java:2205)
	at org.apache.derby.impl.sql.compile.QueryTreeNode.getTableDescriptor(QueryTreeNode.java:1086)
	at org.apache.derby.impl.sql.compile.DDLStatementNode.justGetDescriptor(DDLStatementNode.java:362)
	at org.apache.derby.impl.sql.compile.DDLStatementNode.getTableDescriptor(DDLStatementNode.java:337)
	at org.apache.derby.impl.sql.compile.DDLStatementNode.getTableDescriptor(DDLStatementNode.java:289)
	at org.apache.derby.impl.sql.compile.DropTableNode.bindStatement(DropTableNode.java:98)
	at org.apache.derby.impl.sql.GenericStatement.prepMinion(GenericStatement.java:401)
	at org.apache.derby.impl.sql.GenericStatement.prepare(GenericStatement.java:99)
	at org.apache.derby.impl.sql.conn.GenericLanguageConnectionContext.prepareInternalStatement(GenericLanguageConnectionContext.java:1114)
	at org.apache.derby.impl.jdbc.EmbedStatement.execute(EmbedStatement.java:689)
	at org.apache.derby.impl.jdbc.EmbedStatement.execute(EmbedStatement.java:637)
	at org.example.app.CrearEsquema.run(CrearEsquema.java:19)
	at org.example.app.Main.main(Main.java:15)
Cleanup action completed
Wed Sep 03 10:44:00 ART 2025 Thread[main,5,main] (XID = 1337), (SESSIONID = 3), (DATABASE = exampleDB), (DRDAID = null), Cleanup action starting
Wed Sep 03 10:44:00 ART 2025 Thread[main,5,main] (XID = 1337), (SESSIONID = 3), (DATABASE = exampleDB), (DRDAID = null), Failed Statement is: INSERT INTO cliente (idCliente, nombre, email) VALUES (?,?,?)
java.lang.NullPointerException: Cannot invoke "String.length()" because "s" is null
	at java.base/java.io.StringReader.<init>(StringReader.java:51)
	at org.apache.derby.impl.services.uuid.BasicUUID.<init>(BasicUUID.java:68)
	at org.apache.derby.impl.services.uuid.BasicUUIDFactory.recreateUUID(BasicUUIDFactory.java:145)
	at org.apache.derby.impl.sql.catalog.SYSTABLESRowFactory.buildDescriptorBody(SYSTABLESRowFactory.java:344)
	at org.apache.derby.impl.sql.catalog.SYSTABLESRowFactory.buildDescriptor(SYSTABLESRowFactory.java:310)
	at org.apache.derby.impl.sql.catalog.DataDictionaryImpl.getDescriptorViaIndexMinion(DataDictionaryImpl.java:9557)
	at org.apache.derby.impl.sql.catalog.DataDictionaryImpl.getDescriptorViaIndex(DataDictionaryImpl.java:9318)
	at org.apache.derby.impl.sql.catalog.DataDictionaryImpl.getTableDescriptorIndex1Scan(DataDictionaryImpl.java:2248)
	at org.apache.derby.impl.sql.catalog.DataDictionaryImpl.getUncachedTableDescriptor(DataDictionaryImpl.java:2274)
	at org.apache.derby.impl.sql.catalog.NameTDCacheable.setIdentity(NameTDCacheable.java:110)
	at org.apache.derby.impl.services.cache.ConcurrentCache.find(ConcurrentCache.java:318)
	at org.apache.derby.impl.sql.catalog.DataDictionaryImpl.getTableDescriptor(DataDictionaryImpl.java:2205)
	at org.apache.derby.impl.sql.compile.QueryTreeNode.getTableDescriptor(QueryTreeNode.java:1086)
	at org.apache.derby.impl.sql.compile.DMLModStatementNode.verifyTargetTable(DMLModStatementNode.java:215)
	at org.apache.derby.impl.sql.compile.InsertNode.bindStatement(InsertNode.java:251)
	at org.apache.derby.impl.sql.GenericStatement.prepMinion(GenericStatement.java:401)
	at org.apache.derby.impl.sql.GenericStatement.prepare(GenericStatement.java:99)
	at org.apache.derby.impl.sql.conn.GenericLanguageConnectionContext.prepareInternalStatement(GenericLanguageConnectionContext.java:1114)
	at org.apache.derby.impl.jdbc.EmbedPreparedStatement.<init>(EmbedPreparedStatement.java:134)
	at org.apache.derby.impl.jdbc.EmbedPreparedStatement42.<init>(EmbedPreparedStatement42.java:41)
	at org.apache.derby.iapi.jdbc.Driver42.newEmbedPreparedStatement(Driver42.java:56)
	at org.apache.derby.impl.jdbc.EmbedConnection.prepareStatement(EmbedConnection.java:1740)
	at org.apache.derby.impl.jdbc.EmbedConnection.prepareStatement(EmbedConnection.java:1568)
	at org.example.dao.impl.ClienDAODerby.insertar(ClienDAODerby.java:24)
	at org.example.app.CargarDatos.leerClientesDesdeCSV(CargarDatos.java:58)
	at org.example.app.CargarDatos.run(CargarDatos.java:28)
	at org.example.app.Main.main(Main.java:16)
Cleanup action completed
Wed Sep 03 10:44:00 ART 2025 Thread[main,5,main] (XID = 1339), (SESSIONID = 5), (DATABASE = exampleDB), (DRDAID = null), Cleanup action starting
Wed Sep 03 10:44:00 ART 2025 Thread[main,5,main] (XID = 1339), (SESSIONID = 5), (DATABASE = exampleDB), (DRDAID = null), Failed Statement is: INSERT INTO producto (idProducto, nombre, valor) VALUES (?,?,?)
java.lang.NullPointerException: Cannot invoke "String.length()" because "s" is null
	at java.base/java.io.StringReader.<init>(StringReader.java:51)
	at org.apache.derby.impl.services.uuid.BasicUUID.<init>(BasicUUID.java:68)
	at org.apache.derby.impl.services.uuid.BasicUUIDFactory.recreateUUID(BasicUUIDFactory.java:145)
	at org.apache.derby.impl.sql.catalog.SYSTABLESRowFactory.buildDescriptorBody(SYSTABLESRowFactory.java:344)
	at org.apache.derby.impl.sql.catalog.SYSTABLESRowFactory.buildDescriptor(SYSTABLESRowFactory.java:310)
	at org.apache.derby.impl.sql.catalog.DataDictionaryImpl.getDescriptorViaIndexMinion(DataDictionaryImpl.java:9557)
	at org.apache.derby.impl.sql.catalog.DataDictionaryImpl.getDescriptorViaIndex(DataDictionaryImpl.java:9318)
	at org.apache.derby.impl.sql.catalog.DataDictionaryImpl.getTableDescriptorIndex1Scan(DataDictionaryImpl.java:2248)
	at org.apache.derby.impl.sql.catalog.DataDictionaryImpl.getUncachedTableDescriptor(DataDictionaryImpl.java:2274)
	at org.apache.derby.impl.sql.catalog.NameTDCacheable.setIdentity(NameTDCacheable.java:110)
	at org.apache.derby.impl.services.cache.ConcurrentCache.find(ConcurrentCache.java:318)
	at org.apache.derby.impl.sql.catalog.DataDictionaryImpl.getTableDescriptor(DataDictionaryImpl.java:2205)
	at org.apache.derby.impl.sql.compile.QueryTreeNode.getTableDescriptor(QueryTreeNode.java:1086)
	at org.apache.derby.impl.sql.compile.DMLModStatementNode.verifyTargetTable(DMLModStatementNode.java:215)
	at org.apache.derby.impl.sql.compile.InsertNode.bindStatement(InsertNode.java:251)
	at org.apache.derby.impl.sql.GenericStatement.prepMinion(GenericStatement.java:401)
	at org.apache.derby.impl.sql.GenericStatement.prepare(GenericStatement.java:99)
	at org.apache.derby.impl.sql.conn.GenericLanguageConnectionContext.prepareInternalStatement(GenericLanguageConnectionContext.java:1114)
	at org.apache.derby.impl.jdbc.EmbedPreparedStatement.<init>(EmbedPreparedStatement.java:134)
	at org.apache.derby.impl.jdbc.EmbedPreparedStatement42.<init>(EmbedPreparedStatement42.java:41)
	at org.apache.derby.iapi.jdbc.Driver42.newEmbedPreparedStatement(Driver42.java:56)
	at org.apache.derby.impl.jdbc.EmbedConnection.prepareStatement(EmbedConnection.java:1740)
	at org.apache.derby.impl.jdbc.EmbedConnection.prepareStatement(EmbedConnection.java:1568)
	at org.example.dao.impl.ProducDAODerby.insertar(ProducDAODerby.java:22)
	at org.example.app.CargarDatos.leerProductosDesdeCSV(CargarDatos.java:81)
	at org.example.app.CargarDatos.run(CargarDatos.java:29)
	at org.example.app.Main.main(Main.java:16)
Cleanup action completed
Wed Sep 03 10:44:00 ART 2025 Thread[main,5,main] (XID = 1341), (SESSIONID = 7), (DATABASE = exampleDB), (DRDAID = null), Cleanup action starting
Wed Sep 03 10:44:00 ART 2025 Thread[main,5,main] (XID = 1341), (SESSIONID = 7), (DATABASE = exampleDB), (DRDAID = null), Failed Statement is: INSERT INTO factura (idFactura, idCliente) VALUES (?,?)
java.lang.NullPointerException: Cannot invoke "String.length()" because "s" is null
	at java.base/java.io.StringReader.<init>(StringReader.java:51)
	at org.apache.derby.impl.services.uuid.BasicUUID.<init>(BasicUUID.java:68)
	at org.apache.derby.impl.services.uuid.BasicUUIDFactory.recreateUUID(BasicUUIDFactory.java:145)
	at org.apache.derby.impl.sql.catalog.SYSTABLESRowFactory.buildDescriptorBody(SYSTABLESRowFactory.java:344)
	at org.apache.derby.impl.sql.catalog.SYSTABLESRowFactory.buildDescriptor(SYSTABLESRowFactory.java:310)
	at org.apache.derby.impl.sql.catalog.DataDictionaryImpl.getDescriptorViaIndexMinion(DataDictionaryImpl.java:9557)
	at org.apache.derby.impl.sql.catalog.DataDictionaryImpl.getDescriptorViaIndex(DataDictionaryImpl.java:9318)
	at org.apache.derby.impl.sql.catalog.DataDictionaryImpl.getTableDescriptorIndex1Scan(DataDictionaryImpl.java:2248)
	at org.apache.derby.impl.sql.catalog.DataDictionaryImpl.getUncachedTableDescriptor(DataDictionaryImpl.java:2274)
	at org.apache.derby.impl.sql.catalog.NameTDCacheable.setIdentity(NameTDCacheable.java:110)
	at org.apache.derby.impl.services.cache.ConcurrentCache.find(ConcurrentCache.java:318)
	at org.apache.derby.impl.sql.catalog.DataDictionaryImpl.getTableDescriptor(DataDictionaryImpl.java:2205)
	at org.apache.derby.impl.sql.compile.QueryTreeNode.getTableDescriptor(QueryTreeNode.java:1086)
	at org.apache.derby.impl.sql.compile.DMLModStatementNode.verifyTargetTable(DMLModStatementNode.java:215)
	at org.apache.derby.impl.sql.compile.InsertNode.bindStatement(InsertNode.java:251)
	at org.apache.derby.impl.sql.GenericStatement.prepMinion(GenericStatement.java:401)
	at org.apache.derby.impl.sql.GenericStatement.prepare(GenericStatement.java:99)
	at org.apache.derby.impl.sql.conn.GenericLanguageConnectionContext.prepareInternalStatement(GenericLanguageConnectionContext.java:1114)
	at org.apache.derby.impl.jdbc.EmbedPreparedStatement.<init>(EmbedPreparedStatement.java:134)
	at org.apache.derby.impl.jdbc.EmbedPreparedStatement42.<init>(EmbedPreparedStatement42.java:41)
	at org.apache.derby.iapi.jdbc.Driver42.newEmbedPreparedStatement(Driver42.java:56)
	at org.apache.derby.impl.jdbc.EmbedConnection.prepareStatement(EmbedConnection.java:1740)
	at org.apache.derby.impl.jdbc.EmbedConnection.prepareStatement(EmbedConnection.java:1568)
	at org.example.dao.impl.FacturDAODerby.insertar(FacturDAODerby.java:22)
	at org.example.app.CargarDatos.leerFacturasDesdeCSV(CargarDatos.java:98)
	at org.example.app.CargarDatos.run(CargarDatos.java:30)
	at org.example.app.Main.main(Main.java:16)
Cleanup action completed
Wed Sep 03 10:44:00 ART 2025 Thread[main,5,main] (XID = 1343), (SESSIONID = 9), (DATABASE = exampleDB), (DRDAID = null), Cleanup action starting
Wed Sep 03 10:44:00 ART 2025 Thread[main,5,main] (XID = 1343), (SESSIONID = 9), (DATABASE = exampleDB), (DRDAID = null), Failed Statement is: INSERT INTO factura_producto (idFactura, idProducto, cantidad) VALUES (?,?,?)
java.lang.NullPointerException: Cannot invoke "String.length()" because "s" is null
	at java.base/java.io.StringReader.<init>(StringReader.java:51)
	at org.apache.derby.impl.services.uuid.BasicUUID.<init>(BasicUUID.java:68)
	at org.apache.derby.impl.services.uuid.BasicUUIDFactory.recreateUUID(BasicUUIDFactory.java:145)
	at org.apache.derby.impl.sql.catalog.SYSTABLESRowFactory.buildDescriptorBody(SYSTABLESRowFactory.java:344)
	at org.apache.derby.impl.sql.catalog.SYSTABLESRowFactory.buildDescriptor(SYSTABLESRowFactory.java:310)
	at org.apache.derby.impl.sql.catalog.DataDictionaryImpl.getDescriptorViaIndexMinion(DataDictionaryImpl.java:9557)
	at org.apache.derby.impl.sql.catalog.DataDictionaryImpl.getDescriptorViaIndex(DataDictionaryImpl.java:9318)
	at org.apache.derby.impl.sql.catalog.DataDictionaryImpl.getTableDescriptorIndex1Scan(DataDictionaryImpl.java:2248)
	at org.apache.derby.impl.sql.catalog.DataDictionaryImpl.getUncachedTableDescriptor(DataDictionaryImpl.java:2274)
	at org.apache.derby.impl.sql.catalog.NameTDCacheable.setIdentity(NameTDCacheable.java:110)
	at org.apache.derby.impl.services.cache.ConcurrentCache.find(ConcurrentCache.java:318)
	at org.apache.derby.impl.sql.catalog.DataDictionaryImpl.getTableDescriptor(DataDictionaryImpl.java:2205)
	at org.apache.derby.impl.sql.compile.QueryTreeNode.getTableDescriptor(QueryTreeNode.java:1086)
	at org.apache.derby.impl.sql.compile.DMLModStatementNode.verifyTargetTable(DMLModStatementNode.java:215)
	at org.apache.derby.impl.sql.compile.InsertNode.bindStatement(InsertNode.java:251)
	at org.apache.derby.impl.sql.GenericStatement.prepMinion(GenericStatement.java:401)
	at org.apache.derby.impl.sql.GenericStatement.prepare(GenericStatement.java:99)
	at org.apache.derby.impl.sql.conn.GenericLanguageConnectionContext.prepareInternalStatement(GenericLanguageConnectionContext.java:1114)
	at org.apache.derby.impl.jdbc.EmbedPreparedStatement.<init>(EmbedPreparedStatement.java:134)
	at org.apache.derby.impl.jdbc.EmbedPreparedStatement42.<init>(EmbedPreparedStatement42.java:41)
	at org.apache.derby.iapi.jdbc.Driver42.newEmbedPreparedStatement(Driver42.java:56)
	at org.apache.derby.impl.jdbc.EmbedConnection.prepareStatement(EmbedConnection.java:1740)
	at org.apache.derby.impl.jdbc.EmbedConnection.prepareStatement(EmbedConnection.java:1568)
	at org.example.dao.impl.FacturProdDAODerby.insertar(FacturProdDAODerby.java:22)
	at org.example.app.CargarDatos.leerFacturaProductosDesdeCSV(CargarDatos.java:129)
	at org.example.app.CargarDatos.run(CargarDatos.java:31)
	at org.example.app.Main.main(Main.java:16)
Cleanup action completed
Wed Sep 03 10:44:00 ART 2025 Thread[main,5,main] (XID = 1349), (SESSIONID = 11), (DATABASE = exampleDB), (DRDAID = null), Cleanup action starting
Wed Sep 03 10:44:00 ART 2025 Thread[main,5,main] (XID = 1349), (SESSIONID = 11), (DATABASE = exampleDB), (DRDAID = null), Failed Statement is: SELECT p.idProducto, p.nombre, SUM(fp.cantidad * p.valor) AS recaudacion FROM producto p JOIN factura_producto fp ON p.idProducto = fp.idProducto GROUP BY p.idProducto, p.nombre ORDER BY recaudacion DESC FETCH FIRST ROW ONLY
java.lang.NullPointerException: Cannot invoke "String.length()" because "s" is null
	at java.base/java.io.StringReader.<init>(StringReader.java:51)
	at org.apache.derby.impl.services.uuid.BasicUUID.<init>(BasicUUID.java:68)
	at org.apache.derby.impl.services.uuid.BasicUUIDFactory.recreateUUID(BasicUUIDFactory.java:145)
	at org.apache.derby.impl.sql.catalog.SYSTABLESRowFactory.buildDescriptorBody(SYSTABLESRowFactory.java:344)
	at org.apache.derby.impl.sql.catalog.SYSTABLESRowFactory.buildDescriptor(SYSTABLESRowFactory.java:310)
	at org.apache.derby.impl.sql.catalog.DataDictionaryImpl.getDescriptorViaIndexMinion(DataDictionaryImpl.java:9557)
	at org.apache.derby.impl.sql.catalog.DataDictionaryImpl.getDescriptorViaIndex(DataDictionaryImpl.java:9318)
	at org.apache.derby.impl.sql.catalog.DataDictionaryImpl.getTableDescriptorIndex1Scan(DataDictionaryImpl.java:2248)
	at org.apache.derby.impl.sql.catalog.DataDictionaryImpl.getUncachedTableDescriptor(DataDictionaryImpl.java:2274)
	at org.apache.derby.impl.sql.catalog.NameTDCacheable.setIdentity(NameTDCacheable.java:110)
	at org.apache.derby.impl.services.cache.ConcurrentCache.find(ConcurrentCache.java:318)
	at org.apache.derby.impl.sql.catalog.DataDictionaryImpl.getTableDescriptor(DataDictionaryImpl.java:2205)
	at org.apache.derby.impl.sql.compile.QueryTreeNode.getTableDescriptor(QueryTreeNode.java:1086)
	at org.apache.derby.impl.sql.compile.FromBaseTable.bindTableDescriptor(FromBaseTable.java:2712)
	at org.apache.derby.impl.sql.compile.FromBaseTable.bindNonVTITables(FromBaseTable.java:2340)
	at org.apache.derby.impl.sql.compile.TableOperatorNode.bindNonVTITables(TableOperatorNode.java:396)
	at org.apache.derby.impl.sql.compile.FromList.bindTables(FromList.java:348)
	at org.apache.derby.impl.sql.compile.SelectNode.bindNonVTITables(SelectNode.java:490)
	at org.apache.derby.impl.sql.compile.DMLStatementNode.bindTables(DMLStatementNode.java:190)
	at org.apache.derby.impl.sql.compile.DMLStatementNode.bind(DMLStatementNode.java:127)
	at org.apache.derby.impl.sql.compile.CursorNode.bindStatement(CursorNode.java:283)
	at org.apache.derby.impl.sql.GenericStatement.prepMinion(GenericStatement.java:401)
	at org.apache.derby.impl.sql.GenericStatement.prepare(GenericStatement.java:99)
	at org.apache.derby.impl.sql.conn.GenericLanguageConnectionContext.prepareInternalStatement(GenericLanguageConnectionContext.java:1114)
	at org.apache.derby.impl.jdbc.EmbedPreparedStatement.<init>(EmbedPreparedStatement.java:134)
	at org.apache.derby.impl.jdbc.EmbedPreparedStatement42.<init>(EmbedPreparedStatement42.java:41)
	at org.apache.derby.iapi.jdbc.Driver42.newEmbedPreparedStatement(Driver42.java:56)
	at org.apache.derby.impl.jdbc.EmbedConnection.prepareStatement(EmbedConnection.java:1740)
	at org.apache.derby.impl.jdbc.EmbedConnection.prepareStatement(EmbedConnection.java:1568)
	at org.example.app.DevolverMaxRecaudacion.run(DevolverMaxRecaudacion.java:24)
	at org.example.app.Main.main(Main.java:17)
Cleanup action completed
Wed Sep 03 10:44:00 ART 2025 Thread[main,5,main] (XID = 1352), (SESSIONID = 13), (DATABASE = exampleDB), (DRDAID = null), Cleanup action starting
Wed Sep 03 10:44:00 ART 2025 Thread[main,5,main] (XID = 1352), (SESSIONID = 13), (DATABASE = exampleDB), (DRDAID = null), Failed Statement is: SELECT idCliente, nombre, email FROM CLIENTE
java.lang.NullPointerException: Cannot invoke "String.length()" because "s" is null
	at java.base/java.io.StringReader.<init>(StringReader.java:51)
	at org.apache.derby.impl.services.uuid.BasicUUID.<init>(BasicUUID.java:68)
	at org.apache.derby.impl.services.uuid.BasicUUIDFactory.recreateUUID(BasicUUIDFactory.java:145)
	at org.apache.derby.impl.sql.catalog.SYSTABLESRowFactory.buildDescriptorBody(SYSTABLESRowFactory.java:344)
	at org.apache.derby.impl.sql.catalog.SYSTABLESRowFactory.buildDescriptor(SYSTABLESRowFactory.java:310)
	at org.apache.derby.impl.sql.catalog.DataDictionaryImpl.getDescriptorViaIndexMinion(DataDictionaryImpl.java:9557)
	at org.apache.derby.impl.sql.catalog.DataDictionaryImpl.getDescriptorViaIndex(DataDictionaryImpl.java:9318)
	at org.apache.derby.impl.sql.catalog.DataDictionaryImpl.getTableDescriptorIndex1Scan(DataDictionaryImpl.java:2248)
	at org.apache.derby.impl.sql.catalog.DataDictionaryImpl.getUncachedTableDescriptor(DataDictionaryImpl.java:2274)
	at org.apache.derby.impl.sql.catalog.NameTDCacheable.setIdentity(NameTDCacheable.java:110)
	at org.apache.derby.impl.services.cache.ConcurrentCache.find(ConcurrentCache.java:318)
	at org.apache.derby.impl.sql.catalog.DataDictionaryImpl.getTableDescriptor(DataDictionaryImpl.java:2205)
	at org.apache.derby.impl.sql.compile.QueryTreeNode.getTableDescriptor(QueryTreeNode.java:1086)
	at org.apache.derby.impl.sql.compile.FromBaseTable.bindTableDescriptor(FromBaseTable.java:2712)
	at org.apache.derby.impl.sql.compile.FromBaseTable.bindNonVTITables(FromBaseTable.java:2340)
	at org.apache.derby.impl.sql.compile.FromList.bindTables(FromList.java:348)
	at org.apache.derby.impl.sql.compile.SelectNode.bindNonVTITables(SelectNode.java:490)
	at org.apache.derby.impl.sql.compile.DMLStatementNode.bindTables(DMLStatementNode.java:190)
	at org.apache.derby.impl.sql.compile.DMLStatementNode.bind(DMLStatementNode.java:127)
	at org.apache.derby.impl.sql.compile.CursorNode.bindStatement(CursorNode.java:283)
	at org.apache.derby.impl.sql.GenericStatement.prepMinion(GenericStatement.java:401)
	at org.apache.derby.impl.sql.GenericStatement.prepare(GenericStatement.java:99)
	at org.apache.derby.impl.sql.conn.GenericLanguageConnectionContext.prepareInternalStatement(GenericLanguageConnectionContext.java:1114)
	at org.apache.derby.impl.jdbc.EmbedPreparedStatement.<init>(EmbedPreparedStatement.java:134)
	at org.apache.derby.impl.jdbc.EmbedPreparedStatement42.<init>(EmbedPreparedStatement42.java:41)
	at org.apache.derby.iapi.jdbc.Driver42.newEmbedPreparedStatement(Driver42.java:56)
	at org.apache.derby.impl.jdbc.EmbedConnection.prepareStatement(EmbedConnection.java:1740)
	at org.apache.derby.impl.jdbc.EmbedConnection.prepareStatement(EmbedConnection.java:1568)
	at org.example.dao.impl.ClienDAODerby.obtenerTodos(ClienDAODerby.java:47)
	at org.example.app.Main.main(Main.java:23)
Cleanup action completed
----------------------------------------------------------------
Wed Sep 03 10:44:00 ART 2025: Shutting down Derby engine
----------------------------------------------------------------
Wed Sep 03 10:44:00 ART 2025:
Shutting down instance a816c00e-0199-0fd1-eb8d-00000f6a0bb8 on database directory C:\Users\Usuario\Desktop\TUADI- UNICEN\2º año- 2º cuatri\ArqWeb-G28-TP1-EJ1\exampleDB with class loader jdk.internal.loader.ClassLoaders$AppClassLoader@60e53b93 
----------------------------------------------------------------
